[2026-05-05 11:46:52,151 ] 100 root - INFO - Starting main pipeline
[2026-05-05 11:46:52,152 ] 38 root - INFO - All preprocessing artifacts are available
[2026-05-05 11:46:52,152 ] 106 root - INFO - Skipping preprocessing
[2026-05-05 11:46:52,153 ] 54 root - INFO - Saved models found: ['adaboost.pkl', 'bagging_knn.pkl', 'bagging_svm.pkl', 'decision_tree.pkl', 'gradient_boosting.pkl', 'knn.pkl', 'perceptron.pkl', 'random_forest.pkl', 'svm.pkl', 'voting_classifier.pkl', 'xgboost.pkl']
[2026-05-05 11:46:52,153 ] 112 root - INFO - Skipping model training
[2026-05-05 11:46:52,154 ] 119 root - INFO - Preparing new data for prediction
[2026-05-05 11:46:52,154 ] 64 root - INFO - Preparing new data for prediction
[2026-05-05 11:46:52,154 ] 66 root - INFO - Running new data ingestion
[2026-05-05 11:46:52,155 ] 55 root - INFO - Starting new data ingestion
[2026-05-05 11:46:52,155 ] 62 root - INFO - Converting dictionary input to DataFrame
[2026-05-05 11:46:52,160 ] 78 root - INFO - New data ingestion completed successfully
[2026-05-05 11:46:52,161 ] 69 root - INFO - Running feature engineering on new data
[2026-05-05 11:46:52,161 ] 72 root - INFO - Starting feature engineering for new data
[2026-05-05 11:46:52,161 ] 26 root - INFO - Applying log transform to rainfall column
[2026-05-05 11:46:52,170 ] 29 root - INFO - Creating N, P, K ratio features
[2026-05-05 11:46:52,173 ] 34 root - INFO - Calculating total nutrients
[2026-05-05 11:46:52,174 ] 37 root - INFO - Calculating climate index
[2026-05-05 11:46:52,175 ] 42 root - INFO - Creating interaction feature: temp_humidity
[2026-05-05 11:46:52,176 ] 45 root - INFO - Creating interaction feature: rain_temp
[2026-05-05 11:46:52,176 ] 83 root - INFO - Feature engineering for new data completed successfully
[2026-05-05 11:46:52,177 ] 72 root - INFO - Running transformation on new data
[2026-05-05 11:46:52,177 ] 95 root - INFO - Starting transformation for new data
[2026-05-05 11:46:52,179 ] 105 root - INFO - Loading saved scaler
[2026-05-05 11:46:52,180 ] 30 root - INFO - Loading the model
[2026-05-05 11:46:52,204 ] 34 root - INFO - Model loaded successfully
[2026-05-05 11:46:52,204 ] 108 root - INFO - Transforming new data using saved scaler
[2026-05-05 11:46:52,208 ] 113 root - INFO - New data transformation completed successfully
[2026-05-05 11:46:52,208 ] 75 root - INFO - New data prepared successfully
[2026-05-05 11:46:52,208 ] 59 root - INFO - Loading all saved models
[2026-05-05 11:46:52,209 ] 30 root - INFO - Loading the model
[2026-05-05 11:46:52,241 ] 34 root - INFO - Model loaded successfully
[2026-05-05 11:46:52,241 ] 30 root - INFO - Loading the model
[2026-05-05 11:46:52,269 ] 34 root - INFO - Model loaded successfully
[2026-05-05 11:46:52,269 ] 30 root - INFO - Loading the model
[2026-05-05 11:46:52,288 ] 34 root - INFO - Model loaded successfully
[2026-05-05 11:46:52,288 ] 30 root - INFO - Loading the model
[2026-05-05 11:46:52,315 ] 34 root - INFO - Model loaded successfully
[2026-05-05 11:46:52,316 ] 30 root - INFO - Loading the model
[2026-05-05 11:46:52,440 ] 34 root - INFO - Model loaded successfully
[2026-05-05 11:46:52,440 ] 30 root - INFO - Loading the model
[2026-05-05 11:46:52,457 ] 34 root - INFO - Model loaded successfully
[2026-05-05 11:46:52,457 ] 30 root - INFO - Loading the model
[2026-05-05 11:46:52,481 ] 34 root - INFO - Model loaded successfully
[2026-05-05 11:46:52,482 ] 30 root - INFO - Loading the model
[2026-05-05 11:46:52,521 ] 34 root - INFO - Model loaded successfully
[2026-05-05 11:46:52,521 ] 30 root - INFO - Loading the model
[2026-05-05 11:46:52,537 ] 34 root - INFO - Model loaded successfully
[2026-05-05 11:46:52,538 ] 30 root - INFO - Loading the model
[2026-05-05 11:46:52,565 ] 34 root - INFO - Model loaded successfully
[2026-05-05 11:46:52,565 ] 30 root - INFO - Loading the model
[2026-05-05 11:46:52,696 ] 34 root - INFO - Model loaded successfully
[2026-05-05 11:46:52,696 ] 73 root - INFO - Loaded 11 models successfully
[2026-05-05 11:46:52,696 ] 126 root - INFO - Predicting with adaboost
[2026-05-05 11:46:52,709 ] 126 root - INFO - Predicting with bagging_knn
[2026-05-05 11:46:52,722 ] 126 root - INFO - Predicting with bagging_svm
[2026-05-05 11:46:52,731 ] 126 root - INFO - Predicting with decision_tree
[2026-05-05 11:46:52,733 ] 126 root - INFO - Predicting with gradient_boosting
[2026-05-05 11:46:52,740 ] 126 root - INFO - Predicting with knn
[2026-05-05 11:46:52,745 ] 126 root - INFO - Predicting with perceptron
[2026-05-05 11:46:52,748 ] 126 root - INFO - Predicting with random_forest
[2026-05-05 11:46:52,765 ] 126 root - INFO - Predicting with svm
[2026-05-05 11:46:52,768 ] 126 root - INFO - Predicting with voting_classifier
[2026-05-05 11:46:52,790 ] 126 root - INFO - Predicting with xgboost
[2026-05-05 11:46:52,805 ] 122 root - INFO - Loading label encoder for decoding prediction
[2026-05-05 11:46:52,806 ] 30 root - INFO - Loading the model
[2026-05-05 11:46:52,833 ] 34 root - INFO - Model loaded successfully
[2026-05-05 11:46:52,834 ] 122 root - INFO - Loading label encoder for decoding prediction
[2026-05-05 11:46:52,834 ] 30 root - INFO - Loading the model
[2026-05-05 11:46:52,835 ] 34 root - INFO - Model loaded successfully
[2026-05-05 11:46:52,835 ] 122 root - INFO - Loading label encoder for decoding prediction
[2026-05-05 11:46:52,836 ] 30 root - INFO - Loading the model
[2026-05-05 11:46:52,836 ] 34 root - INFO - Model loaded successfully
[2026-05-05 11:46:52,837 ] 122 root - INFO - Loading label encoder for decoding prediction
[2026-05-05 11:46:52,837 ] 30 root - INFO - Loading the model
[2026-05-05 11:46:52,838 ] 34 root - INFO - Model loaded successfully
[2026-05-05 11:46:52,838 ] 122 root - INFO - Loading label encoder for decoding prediction
[2026-05-05 11:46:52,839 ] 30 root - INFO - Loading the model
[2026-05-05 11:46:52,839 ] 34 root - INFO - Model loaded successfully
[2026-05-05 11:46:52,840 ] 122 root - INFO - Loading label encoder for decoding prediction
[2026-05-05 11:46:52,840 ] 30 root - INFO - Loading the model
[2026-05-05 11:46:52,841 ] 34 root - INFO - Model loaded successfully
[2026-05-05 11:46:52,841 ] 122 root - INFO - Loading label encoder for decoding prediction
[2026-05-05 11:46:52,841 ] 30 root - INFO - Loading the model
[2026-05-05 11:46:52,842 ] 34 root - INFO - Model loaded successfully
[2026-05-05 11:46:52,843 ] 122 root - INFO - Loading label encoder for decoding prediction
[2026-05-05 11:46:52,843 ] 30 root - INFO - Loading the model
[2026-05-05 11:46:52,843 ] 34 root - INFO - Model loaded successfully
[2026-05-05 11:46:52,844 ] 122 root - INFO - Loading label encoder for decoding prediction
[2026-05-05 11:46:52,844 ] 30 root - INFO - Loading the model
[2026-05-05 11:46:52,845 ] 34 root - INFO - Model loaded successfully
[2026-05-05 11:46:52,845 ] 122 root - INFO - Loading label encoder for decoding prediction
[2026-05-05 11:46:52,845 ] 30 root - INFO - Loading the model
[2026-05-05 11:46:52,846 ] 34 root - INFO - Model loaded successfully
[2026-05-05 11:46:52,847 ] 122 root - INFO - Loading label encoder for decoding prediction
[2026-05-05 11:46:52,847 ] 30 root - INFO - Loading the model
[2026-05-05 11:46:52,847 ] 34 root - INFO - Model loaded successfully
[2026-05-05 11:46:52,848 ] 122 root - INFO - Loading label encoder for decoding prediction
[2026-05-05 11:46:52,848 ] 30 root - INFO - Loading the model
[2026-05-05 11:46:52,849 ] 34 root - INFO - Model loaded successfully
